<?xml version="1.0" encoding="UTF-8"?>
<!-- Generated by org.testng.reporters.JUnitXMLReporter -->
<testsuite ignored="0" hostname="DESKTOP-EDV7IPF" failures="1" tests="3" name="Test" time="0.264" errors="0" timestamp="2023-08-31T15:49:45 IST">
  <testcase classname="Listeners.Helloworld" name="test1" time="0.037"/>
  <testcase classname="Listeners.Helloworld" name="test2" time="0.016">
    <failure type="java.lang.AssertionError" message="null">
      <![CDATA[java.lang.AssertionError: null
at Listeners.Helloworld.test2(Helloworld.java:17)
at java.base/java.util.ArrayList.forEach(ArrayList.java:1511)
... Removed 29 stack frames]]>
    </failure>
  </testcase> <!-- test2 -->
  <testcase classname="Listeners.Helloworld" name="test3" time="0.001">
    <skipped/>
  </testcase> <!-- test3 -->
</testsuite> <!-- Test -->
